     1                                  [org 0x0100]
     2 00000000 EB18                    jmp start
     3                                  clrscr:
     4 00000002 06                          push es
     5 00000003 50                          push ax
     6 00000004 57                          push di
     7                                  
     8 00000005 B800B8                      mov ax, 0xb800
     9 00000008 8EC0                        mov es, ax             ; Video memory segment
    10 0000000A BF0000                      mov di, 0              ; Start at the top left corner
    11                                      
    12 0000000D B82007                  	mov ax,0x0720
    13 00000010 B9D007                  	mov cx,2000
    14 00000013 FC                      	cld
    15 00000014 F3AB                    	rep stosw
    16                                  
    17 00000016 5F                          pop di
    18 00000017 58                          pop ax
    19 00000018 07                          pop es
    20 00000019 C3                          ret
    21                                  start:
    22                                  	
    23 0000001A E8E5FF                      call clrscr
    24                                  	
    25                                  
    26                                  	
    27 0000001D B8004C                      mov ax, 0x4C00
    28 00000020 CD21                        int 0x21               ; Exit program
