     1                                  ;New! Keyboard shortcuts … Drive keyboard shortcuts have been updated to give you first-letters navigation
     2                                  ; Flag Register with unsigned subtraction
     3                                  
     4                                  [org 0x0100]
     5 00000000 EB02                    		jmp start
     6 00000002 89B1                    wor: dw 0xB189;1011 0001 1000 1001
     7                                  start:
     8 00000004 8B1E[0200]              	mov bx,[wor]
     9 00000008 B90000                  	mov cx,0
    10 0000000B BA0000                  	mov dx,0
    11 0000000E B81000                  	mov ax,16
    12                                  first_loop:
    13 00000011 D1EB                    	shr bx,1
    14 00000013 7209                    	jc inc
    15                                  check:
    16 00000015 39C2                    	cmp dx,ax
    17 00000017 740A                    	je out
    18 00000019 83C201                  	add dx,1
    19 0000001C EBF3                    	jmp first_loop
    20                                  inc:
    21 0000001E 83C101                  	add cx,1
    22 00000021 EBEE                    	jmp first_loop
    23                                  out:
    24 00000023 8B1E[0200]              	mov bx,[wor]
    25 00000027 83F37F                  	xor bx,0x007F
    26                                  	
    27                                  	
    28                                  	
    29 0000002A B8004C                  	mov ax, 0x4c00		;terminate the program
    30 0000002D CD21                    	int 0x21
    31                                  	
    32                                  ;	mov ax,1	;counter for subset
    33                                  ;	mov bx,Set	;pointer for set
    34                                  ;	mov bp,Subset	;pointer for subset
    35                                  ;	mov cx,0
    36                                  ;	mov si,3
    37                                  ;loop:
    38                                  ;	cmp cx,10	;compares full array iteration
    39                                  ;	jz out		
    40                                  ;	add cx,1	
    41                                  ;	mov dx,[bx]	;value get
    42                                  ;	cmp dx,[bp]
    43                                  ;	jz check
    44                                  ;	cmp word[bx],1
    45                                  ;	jnz look	;jump not zero 
    46                                  ;	sub bp,2	;backward coming ;cmp dx,[bp-2]
    47                                  ;	sub ax,1	
    48                                  ;	jmp check
    49                                  ;look:
    50                                  ;	add bx,2
    51                                  ;	mov bp,Subset	;keeping bp at first index
    52                                  ;	mov ax,1	;remaining at 0th index
    53                                  ;	jmp loop
    54                                  ;check:
    55                                  ;	cmp ax,3
    56                                  ;	jz result
    57                                  ;	add ax,1	;matching counter
    58                                  ;	add bp,2
    59                                  ;	add bx,2
    60                                  ;	jmp loop
    61                                  ;result:
    62                                  ;	sub cx,si
    63                                  ;	mov [Index],cx
