     1                                  ; sorting a list of ten numbers using bubble sort
     2                                  ; a program to add ten numbers without a separate counter
     3                                  [org 0x0100]
     4 00000000 EB1C                    	jmp start 		;unconditionally jump over data
     5                                  	
     6 00000002 0100040006000000        Set1: dw 1,4,6,0
     7 0000000A 010003000600080000-     Set2: dw 1,3,6,8,0
     7 00000013 00                 
     8 00000014 000000000000000000-     Intersection: dw 0,0,0,0,0
     8 0000001D 00                 
     9                                  
    10                                  start:
    11 0000001E BB0000                  	mov bx,0	;bx to zero
    12 00000021 BD0000                  	mov bp,0	;bp to zero
    13 00000024 BE0000                  	mov si,0	;si to zero
    14                                  	
    15                                  OuterLoop:
    16 00000027 83FB06                  	cmp bx,6	;comparison
    17 0000002A 7723                    	ja out
    18 0000002C BD0000                  	mov bp,0
    19 0000002F 8B87[0200]              	mov ax,[Set1+bx]	
    20 00000033 83C302                  	add bx,2
    21                                  	
    22                                  InnerLoop:
    23 00000036 3B86[0A00]              	cmp ax,[Set2+bp]
    24 0000003A 740A                    	jz matching
    25                                  	
    26                                  counter:
    27 0000003C 83C502                  	add bp,2
    28 0000003F 83FD08                  	cmp bp,8
    29 00000042 77E3                    	ja OuterLoop
    30 00000044 EBF0                    	jmp InnerLoop
    31                                  
    32                                  matching:
    33 00000046 8984[1400]              	mov [Intersection+si],ax
    34 0000004A 83C602                  	add si,2
    35 0000004D EBED                    	jmp counter
    36                                  out:
    37 0000004F B8004C                  	mov ax, 0x4c00 ; terminate program
    38 00000052 CD21                    int 0x21
