     1                                  
     2                                  
     3                                  [org 0x0100]
     4                                  
     5 00000000 BD0A00                  mov bp, 10
     6 00000003 BF0000                  mov di, 0
     7 00000006 BE[2600]                mov si,Array1
     8 00000009 BB[3200]                mov bx,Array2
     9 0000000C B80000                  mov ax,0
    10 0000000F B90600                  mov cx,6
    11                                  l1: 	
    12 00000012 8B02                    		mov ax,[si+bp]
    13 00000014 8901                    		mov [bx+di]  ,ax
    14 00000016 83C702                  		add di,2
    15 00000019 83ED02                  		sub bp,2
    16 0000001C 83E901                  		sub cx,1
    17 0000001F 75F1                    		jnz l1				;JUMP to l1 if ZERO FLAG is not Set
    18                                  		
    19 00000021 B8004C                  mov ax, 0x4c00		;terminate the program
    20 00000024 CD21                    int 0x21
    21                                  
    22 00000026 010002000300040005-     Array1:  dw 1, 2, 3, 4, 5, 6
    22 0000002F 000600             
    23 00000032 000000000000000000-     Array2:  dw 0,0,0,0,0,0
    23 0000003B 000000             
